<?xml version="1.0" encoding="UTF-8"?>
<!-- Generated by org.testng.reporters.JUnitReportReporter -->
<testsuite hostname="SYS_1" name="com.testcases.Assertions" tests="1" failures="0" timestamp="2 Apr 2018 05:00:04 GMT" time="0.017" errors="0">
  <testcase name="testassertions" time="0.017" classname="com.testcases.Assertions"/>
</testsuite> <!-- com.testcases.Assertions -->
