<?xml version="1.0" encoding="UTF-8"?>
<!-- Generated by org.testng.reporters.JUnitReportReporter -->
<testsuite hostname="SYS_1" name="TestNG.Child" tests="2" failures="0" timestamp="23 Mar 2018 05:01:53 GMT" time="0.016" errors="0">
  <testcase name="tc01" time="0.013" classname="TestNG.Child"/>
  <testcase name="tc02" time="0.003" classname="TestNG.Child"/>
</testsuite> <!-- TestNG.Child -->
